<?xml version="1.0" encoding="UTF-8"?>
<!-- Generated by org.testng.reporters.JUnitXMLReporter -->
<testsuite hostname="dell-PC" name="Command line test" tests="3" failures="1" timestamp="19 Jan 2016 05:22:53 GMT" time="1.206" errors="0">
  <testcase name="testQRCodeSingle" time="0.005" classname="psn.lotus.wechat.CardTest">
    <failure type="java.lang.NullPointerException">
      <![CDATA[java.lang.NullPointerException
	at psn.lotus.wechat.CardTest.testQRCodeSingle(CardTest.java:32)
... Removed 34 stack frames]]>
    </failure>
  </testcase> <!-- testQRCodeSingle -->
  <testcase name="testGet" time="0.675" classname="psn.lotus.wechat.TemplateTest"/>
  <testcase name="testSend" time="0.176" classname="psn.lotus.wechat.TemplateTest"/>
</testsuite> <!-- Command line test -->
