-------------------------------------------------------------------------------
Test set: TestSuite
-------------------------------------------------------------------------------
Tests run: 3, Failures: 1, Errors: 0, Skipped: 0, Time elapsed: 1.822 sec <<< FAILURE!
testQRCodeSingle(psn.lotus.wechat.CardTest)  Time elapsed: 0.024 sec  <<< FAILURE!
java.lang.NullPointerException
	at psn.lotus.wechat.CardTest.testQRCodeSingle(CardTest.java:32)
