<?xml version="1.0" encoding="UTF-8"?>
<testng-results skipped="0" failed="1" total="3" passed="2">
  <reporter-output>
  </reporter-output>
  <suite name="Command line suite" duration-ms="1206" started-at="2016-01-19T05:22:52Z" finished-at="2016-01-19T05:22:53Z">
    <groups>
    </groups>
    <test name="Command line test" duration-ms="1206" started-at="2016-01-19T05:22:52Z" finished-at="2016-01-19T05:22:53Z">
      <class name="psn.lotus.wechat.CardTest">
        <test-method status="FAIL" signature="testQRCodeSingle()[pri:0, instance:psn.lotus.wechat.CardTest@1f36e637]" name="testQRCodeSingle" duration-ms="5" started-at="2016-01-19T13:22:52Z" finished-at="2016-01-19T13:22:52Z">
          <exception class="java.lang.NullPointerException">
            <full-stacktrace>
              <![CDATA[java.lang.NullPointerException
	at psn.lotus.wechat.CardTest.testQRCodeSingle(CardTest.java:32)
	at sun.reflect.NativeMethodAccessorImpl.invoke0(Native Method)
	at sun.reflect.NativeMethodAccessorImpl.invoke(NativeMethodAccessorImpl.java:62)
	at sun.reflect.DelegatingMethodAccessorImpl.invoke(DelegatingMethodAccessorImpl.java:43)
	at java.lang.reflect.Method.invoke(Method.java:497)
	at org.testng.internal.MethodInvocationHelper.invokeMethod(MethodInvocationHelper.java:85)
	at org.testng.internal.Invoker.invokeMethod(Invoker.java:639)
	at org.testng.internal.Invoker.invokeTestMethod(Invoker.java:821)
	at org.testng.internal.Invoker.invokeTestMethods(Invoker.java:1131)
	at org.testng.internal.TestMethodWorker.invokeTestMethods(TestMethodWorker.java:124)
	at org.testng.internal.TestMethodWorker.run(TestMethodWorker.java:108)
	at org.testng.TestRunner.privateRun(TestRunner.java:773)
	at org.testng.TestRunner.run(TestRunner.java:623)
	at org.testng.SuiteRunner.runTest(SuiteRunner.java:357)
	at org.testng.SuiteRunner.runSequentially(SuiteRunner.java:352)
	at org.testng.SuiteRunner.privateRun(SuiteRunner.java:310)
	at org.testng.SuiteRunner.run(SuiteRunner.java:259)
	at org.testng.SuiteRunnerWorker.runSuite(SuiteRunnerWorker.java:52)
	at org.testng.SuiteRunnerWorker.run(SuiteRunnerWorker.java:86)
	at org.testng.TestNG.runSuitesSequentially(TestNG.java:1185)
	at org.testng.TestNG.runSuitesLocally(TestNG.java:1110)
	at org.testng.TestNG.run(TestNG.java:1018)
	at org.apache.maven.surefire.testng.TestNGExecutor.run(TestNGExecutor.java:70)
	at org.apache.maven.surefire.testng.TestNGDirectoryTestSuite.executeMulti(TestNGDirectoryTestSuite.java:158)
	at org.apache.maven.surefire.testng.TestNGDirectoryTestSuite.execute(TestNGDirectoryTestSuite.java:98)
	at org.apache.maven.surefire.testng.TestNGProvider.invoke(TestNGProvider.java:111)
	at sun.reflect.NativeMethodAccessorImpl.invoke0(Native Method)
	at sun.reflect.NativeMethodAccessorImpl.invoke(NativeMethodAccessorImpl.java:62)
	at sun.reflect.DelegatingMethodAccessorImpl.invoke(DelegatingMethodAccessorImpl.java:43)
	at java.lang.reflect.Method.invoke(Method.java:497)
	at org.apache.maven.surefire.util.ReflectionUtils.invokeMethodWithArray(ReflectionUtils.java:164)
	at org.apache.maven.surefire.booter.ProviderFactory$ProviderProxy.invoke(ProviderFactory.java:110)
	at org.apache.maven.surefire.booter.SurefireStarter.invokeProvider(SurefireStarter.java:175)
	at org.apache.maven.surefire.booter.SurefireStarter.runSuitesInProcessWhenForked(SurefireStarter.java:107)
	at org.apache.maven.surefire.booter.ForkedBooter.main(ForkedBooter.java:68)
]]>
            </full-stacktrace>
          </exception> <!-- java.lang.NullPointerException -->
          <reporter-output>
          </reporter-output>
        </test-method> <!-- testQRCodeSingle -->
      </class> <!-- psn.lotus.wechat.CardTest -->
      <class name="psn.lotus.wechat.TemplateTest">
        <test-method status="PASS" signature="springTestContextBeforeTestClass()[pri:0, instance:psn.lotus.wechat.TemplateTest@30b8a058]" name="springTestContextBeforeTestClass" is-config="true" duration-ms="2" started-at="2016-01-19T13:22:52Z" finished-at="2016-01-19T13:22:52Z">
          <reporter-output>
          </reporter-output>
        </test-method> <!-- springTestContextBeforeTestClass -->
        <test-method status="PASS" signature="springTestContextPrepareTestInstance()[pri:0, instance:psn.lotus.wechat.TemplateTest@30b8a058]" name="springTestContextPrepareTestInstance" is-config="true" duration-ms="336" started-at="2016-01-19T13:22:52Z" depends-on-methods="org.springframework.test.context.testng.AbstractTestNGSpringContextTests.springTestContextBeforeTestClass" finished-at="2016-01-19T13:22:52Z">
          <reporter-output>
          </reporter-output>
        </test-method> <!-- springTestContextPrepareTestInstance -->
        <test-method status="PASS" signature="springTestContextBeforeTestMethod(java.lang.reflect.Method)[pri:0, instance:psn.lotus.wechat.TemplateTest@30b8a058]" name="springTestContextBeforeTestMethod" is-config="true" duration-ms="1" started-at="2016-01-19T13:22:52Z" finished-at="2016-01-19T13:22:52Z">
          <params>
            <param index="0">
              <value>
                <![CDATA[public void psn.lotus.wechat.TemplateTest.testGet()]]>
              </value>
            </param>
          </params>
          <reporter-output>
          </reporter-output>
        </test-method> <!-- springTestContextBeforeTestMethod -->
        <test-method status="PASS" signature="testGet()[pri:0, instance:psn.lotus.wechat.TemplateTest@30b8a058]" name="testGet" duration-ms="675" started-at="2016-01-19T13:22:52Z" finished-at="2016-01-19T13:22:53Z">
          <reporter-output>
          </reporter-output>
        </test-method> <!-- testGet -->
        <test-method status="PASS" signature="springTestContextAfterTestMethod(java.lang.reflect.Method)[pri:0, instance:psn.lotus.wechat.TemplateTest@30b8a058]" name="springTestContextAfterTestMethod" is-config="true" duration-ms="0" started-at="2016-01-19T13:22:53Z" finished-at="2016-01-19T13:22:53Z">
          <params>
            <param index="0">
              <value>
                <![CDATA[public void psn.lotus.wechat.TemplateTest.testGet()]]>
              </value>
            </param>
          </params>
          <reporter-output>
          </reporter-output>
        </test-method> <!-- springTestContextAfterTestMethod -->
        <test-method status="PASS" signature="springTestContextBeforeTestMethod(java.lang.reflect.Method)[pri:0, instance:psn.lotus.wechat.TemplateTest@30b8a058]" name="springTestContextBeforeTestMethod" is-config="true" duration-ms="0" started-at="2016-01-19T13:22:53Z" finished-at="2016-01-19T13:22:53Z">
          <params>
            <param index="0">
              <value>
                <![CDATA[public void psn.lotus.wechat.TemplateTest.testSend()]]>
              </value>
            </param>
          </params>
          <reporter-output>
          </reporter-output>
        </test-method> <!-- springTestContextBeforeTestMethod -->
        <test-method status="PASS" signature="testSend()[pri:0, instance:psn.lotus.wechat.TemplateTest@30b8a058]" name="testSend" duration-ms="176" started-at="2016-01-19T13:22:53Z" finished-at="2016-01-19T13:22:53Z">
          <reporter-output>
          </reporter-output>
        </test-method> <!-- testSend -->
        <test-method status="PASS" signature="springTestContextAfterTestMethod(java.lang.reflect.Method)[pri:0, instance:psn.lotus.wechat.TemplateTest@30b8a058]" name="springTestContextAfterTestMethod" is-config="true" duration-ms="0" started-at="2016-01-19T13:22:53Z" finished-at="2016-01-19T13:22:53Z">
          <params>
            <param index="0">
              <value>
                <![CDATA[public void psn.lotus.wechat.TemplateTest.testSend()]]>
              </value>
            </param>
          </params>
          <reporter-output>
          </reporter-output>
        </test-method> <!-- springTestContextAfterTestMethod -->
        <test-method status="PASS" signature="springTestContextAfterTestClass()[pri:0, instance:psn.lotus.wechat.TemplateTest@30b8a058]" name="springTestContextAfterTestClass" is-config="true" duration-ms="0" started-at="2016-01-19T13:22:53Z" finished-at="2016-01-19T13:22:53Z">
          <reporter-output>
          </reporter-output>
        </test-method> <!-- springTestContextAfterTestClass -->
      </class> <!-- psn.lotus.wechat.TemplateTest -->
    </test> <!-- Command line test -->
  </suite> <!-- Command line suite -->
</testng-results>
